#
# There is insufficient memory for the Java Runtime Environment to continue.
# Native memory allocation (malloc) failed to allocate 136256 bytes for Chunk::new
# Possible reasons:
#   The system is out of physical RAM or swap space
#   In 32 bit mode, the process size limit was hit
# Possible solutions:
#   Reduce memory load on the system
#   Increase physical memory or swap space
#   Check if swap backing store is full
#   Use 64 bit Java on a 64 bit OS
#   Decrease Java heap size (-Xmx/-Xms)
#   Decrease number of Java threads
#   Decrease Java thread stack sizes (-Xss)
#   Set larger code cache with -XX:ReservedCodeCacheSize=
# This output file may be truncated or incomplete.
#
#  Out of Memory Error (allocation.cpp:390), pid=11784, tid=0x0000000000000e30
#
# JRE version: OpenJDK Runtime Environment (8.0_76-b03) (build 1.8.0_76-release-b03)
# Java VM: OpenJDK 64-Bit Server VM (25.76-b03 mixed mode windows-amd64 compressed oops)
# Failed to write core dump. Minidumps are not enabled by default on client versions of Windows
#

---------------  T H R E A D  ---------------

Current thread (0x0000000015667800):  JavaThread "C2 CompilerThread1" daemon [_thread_in_native, id=3632, stack(0x0000000016db0000,0x0000000016eb0000)]

Stack: [0x0000000016db0000,0x0000000016eb0000]
[error occurred during error reporting (printing stack bounds), id 0xc0000005]

Native frames: (J=compiled Java code, j=interpreted, Vv=VM code, C=native code)


Current CompileTask:
C2:   6956 1228       4       com.android.dx.ssa.SsaRenamer$BlockRenamer::processResultReg (56 bytes)


---------------  P R O C E S S  ---------------

Java Threads: ( => current thread )
  0x00000000156cc000 JavaThread "Service Thread" daemon [_thread_blocked, id=11284, stack(0x00000000173b0000,0x00000000174b0000)]
  0x0000000015670800 JavaThread "C1 CompilerThread2" daemon [_thread_in_native, id=3116, stack(0x0000000016eb0000,0x0000000016fb0000)]
=>0x0000000015667800 JavaThread "C2 CompilerThread1" daemon [_thread_in_native, id=3632, stack(0x0000000016db0000,0x0000000016eb0000)]
  0x0000000015676800 JavaThread "C2 CompilerThread0" daemon [_thread_in_native, id=8948, stack(0x0000000016cb0000,0x0000000016db0000)]
  0x0000000015675000 JavaThread "Attach Listener" daemon [_thread_blocked, id=10784, stack(0x0000000016bb0000,0x0000000016cb0000)]
  0x0000000015674000 JavaThread "Signal Dispatcher" daemon [_thread_blocked, id=12000, stack(0x0000000016ab0000,0x0000000016bb0000)]
  0x0000000015658800 JavaThread "Finalizer" daemon [_thread_blocked, id=11448, stack(0x00000000168d0000,0x00000000169d0000)]
  0x0000000002f90000 JavaThread "Reference Handler" daemon [_thread_blocked, id=12160, stack(0x00000000167d0000,0x00000000168d0000)]
  0x0000000002ea0800 JavaThread "main" [_thread_in_Java, id=9256, stack(0x0000000002c20000,0x0000000002d20000)]

Other Threads:
  0x0000000015635800 VMThread [stack: 0x00000000166d0000,0x00000000167d0000] [id=10128]
  0x00000000156ce800 WatcherThread [stack: 0x00000000174b0000,0x00000000175b0000] [id=11300]

VM state:not at safepoint (normal execution)

VM Mutex/Monitor currently owned by a thread: None

Heap:
 PSYoungGen      total 28672K, used 6293K [0x00000000eab00000, 0x00000000ecb00000, 0x0000000100000000)
  eden space 24576K, 9% used [0x00000000eab00000,0x00000000ead29268,0x00000000ec300000)
  from space 4096K, 99% used [0x00000000ec300000,0x00000000ec6fc458,0x00000000ec700000)
  to   space 4096K, 0% used [0x00000000ec700000,0x00000000ec700000,0x00000000ecb00000)
 ParOldGen       total 65536K, used 1618K [0x00000000c0000000, 0x00000000c4000000, 0x00000000eab00000)
  object space 65536K, 2% used [0x00000000c0000000,0x00000000c0194a00,0x00000000c4000000)
 Metaspace       used 5626K, capacity 6896K, committed 7040K, reserved 1056768K
  class space    used 539K, capacity 616K, committed 640K, reserved 1048576K

Card table byte_map: [0x0000000012360000,0x0000000012570000] byte_map_base: 0x0000000011d60000

Marking Bits: (ParMarkBitMap*) 0x0000000070cd9d00
 Begin Bits: [0x0000000012ad0000, 0x0000000013ad0000)
 End Bits:   [0x0000000013ad0000, 0x0000000014ad0000)

Polling page: 0x0000000002be0000

CodeCache: size=245760Kb used=5162Kb max_used=5173Kb free=240597Kb
 bounds [0x0000000002fa0000, 0x00000000034c0000, 0x0000000011fa0000]
 total_blobs=1492 nmethods=1227 adapters=178
 compilation: enabled

Compilation events (10 events):
Event: 6.903 Thread 0x0000000015670800 nmethod 1223 0x00000000034ac890 code [0x00000000034aca00, 0x00000000034aced0]
Event: 6.903 Thread 0x0000000015670800 1224       3       java.lang.System$2::invokeFinalize (5 bytes)
Event: 6.904 Thread 0x0000000015670800 nmethod 1224 0x00000000034ad010 code [0x00000000034ad180, 0x00000000034ad3a8]
Event: 6.904 Thread 0x0000000015670800 1225       3       java.lang.ref.Reference::clear (6 bytes)
Event: 6.904 Thread 0x0000000015670800 nmethod 1225 0x00000000034ad450 code [0x00000000034ad5a0, 0x00000000034ad710]
Event: 6.904 Thread 0x0000000015670800 1222       3       java.lang.ref.Finalizer::hasBeenFinalized (14 bytes)
Event: 6.904 Thread 0x0000000015670800 nmethod 1222 0x00000000034ad790 code [0x00000000034ad8e0, 0x00000000034ada90]
Event: 6.905 Thread 0x0000000015667800 1227       4       com.android.dx.rop.code.ThrowingCstInsn::<init> (51 bytes)
Event: 6.908 Thread 0x0000000015667800 nmethod 1227 0x00000000034b08d0 code [0x00000000034b0a20, 0x00000000034b0bd8]
Event: 6.908 Thread 0x0000000015667800 1228       4       com.android.dx.ssa.SsaRenamer$BlockRenamer::processResultReg (56 bytes)

GC Heap History (2 events):
Event: 6.782 GC heap before
{Heap before GC invocations=1 (full 0):
 PSYoungGen      total 28672K, used 24576K [0x00000000eab00000, 0x00000000ecb00000, 0x0000000100000000)
  eden space 24576K, 100% used [0x00000000eab00000,0x00000000ec300000,0x00000000ec300000)
  from space 4096K, 0% used [0x00000000ec700000,0x00000000ec700000,0x00000000ecb00000)
  to   space 4096K, 0% used [0x00000000ec300000,0x00000000ec300000,0x00000000ec700000)
 ParOldGen       total 65536K, used 0K [0x00000000c0000000, 0x00000000c4000000, 0x00000000eab00000)
  object space 65536K, 0% used [0x00000000c0000000,0x00000000c0000000,0x00000000c4000000)
 Metaspace       used 5615K, capacity 6896K, committed 7040K, reserved 1056768K
  class space    used 539K, capacity 616K, committed 640K, reserved 1048576K
Event: 6.874 GC heap after
Heap after GC invocations=1 (full 0):
 PSYoungGen      total 28672K, used 4081K [0x00000000eab00000, 0x00000000ecb00000, 0x0000000100000000)
  eden space 24576K, 0% used [0x00000000eab00000,0x00000000eab00000,0x00000000ec300000)
  from space 4096K, 99% used [0x00000000ec300000,0x00000000ec6fc458,0x00000000ec700000)
  to   space 4096K, 0% used [0x00000000ec700000,0x00000000ec700000,0x00000000ecb00000)
 ParOldGen       total 65536K, used 1618K [0x00000000c0000000, 0x00000000c4000000, 0x00000000eab00000)
  object space 65536K, 2% used [0x00000000c0000000,0x00000000c0194a00,0x00000000c4000000)
 Metaspace       used 5615K, capacity 6896K, committed 7040K, reserved 1056768K
  class space    used 539K, capacity 616K, committed 640K, reserved 1048576K
}

Deoptimization events (4 events):
Event: 3.455 Thread 0x0000000002ea0800 Uncommon trap: reason=unstable_if action=reinterpret pc=0x0000000003159950 method=java.lang.String.equals(Ljava/lang/Object;)Z @ 66
Event: 3.792 Thread 0x0000000002ea0800 Uncommon trap: reason=unstable_if action=reinterpret pc=0x000000000319fcf0 method=java.util.BitSet.nextSetBit(I)I @ 87
Event: 5.006 Thread 0x0000000002ea0800 Uncommon trap: reason=null_check action=make_not_entrant pc=0x000000000331fde0 method=com.android.dx.rop.type.Type.equals(Ljava/lang/Object;)Z @ 8
Event: 6.564 Thread 0x0000000002ea0800 Uncommon trap: reason=unstable_if action=reinterpret pc=0x000000000330b11c method=com.android.dx.rop.cst.Constant.compareTo(Lcom/android/dx/rop/cst/Constant;)I @ 12

Internal exceptions (3 events):
Event: 0.807 Thread 0x0000000002ea0800 Exception <a 'java/lang/NoSuchMethodError': Method sun.misc.Unsafe.defineClass(Ljava/lang/String;[BII)Ljava/lang/Class; name or signature does not match> (0x00000000eab07cc0) thrown at [C:\src\android\AOSP-openjdk\external\jetbrains\jdk\hotspot\src\share\ve®lı¢◊È?
Event: 0.808 Thread 0x0000000002ea0800 Exception <a 'java/lang/NoSuchMethodError': Method sun.misc.Unsafe.prefetchRead(Ljava/lang/Object;J)V name or signature does not match> (0x00000000eab07fa8) thrown at [C:\src\android\AOSP-openjdk\external\jetbrains\jdk\hotspot\src\share\vm\prims\jni.cpp, l[”àGù@
Event: 5.005 Thread 0x0000000002ea0800 Implicit null exception at 0x000000000331fce2 to 0x000000000331fdd2

Events (10 events):
Event: 5.861 loading class com/android/dx/cf/attrib/BaseAnnotations done
Event: 6.554 loading class com/android/dx/cf/attrib/AttDeprecated
Event: 6.554 loading class com/android/dx/cf/attrib/AttDeprecated done
Event: 6.555 loading class com/android/dx/cf/attrib/AttRuntimeVisibleAnnotations
Event: 6.555 loading class com/android/dx/cf/attrib/AttRuntimeVisibleAnnotations done
Event: 6.564 Thread 0x0000000002ea0800 Uncommon trap: trap_request=0xffffff65 fr.pc=0x000000000330b11c
Event: 6.564 Thread 0x0000000002ea0800 DEOPT PACKING pc=0x000000000330b11c sp=0x0000000002d1e720
Event: 6.564 Thread 0x0000000002ea0800 DEOPT UNPACKING pc=0x0000000002fe556a sp=0x0000000002d1e6c0 mode 2
Event: 6.782 Executing VM operation: ParallelGCFailedAllocation
Event: 6.875 Executing VM operation: ParallelGCFailedAllocation done


Dynamic libraries:
0x00007ff68f970000 - 0x00007ff68f9a1000 	C:\Program Files\Android\Android Studio\jre\bin\java.exe
0x00007ffe08060000 - 0x00007ffe08221000 	C:\WINDOWS\SYSTEM32\ntdll.dll
0x00007ffe05d10000 - 0x00007ffe05dbd000 	C:\WINDOWS\system32\KERNEL32.DLL
0x00007ffe04b50000 - 0x00007ffe04d38000 	C:\WINDOWS\system32\KERNELBASE.dll
0x00007ffe055c0000 - 0x00007ffe05667000 	C:\WINDOWS\system32\ADVAPI32.dll
0x00007ffe05670000 - 0x00007ffe0570d000 	C:\WINDOWS\system32\msvcrt.dll
0x00007ffe058e0000 - 0x00007ffe0593b000 	C:\WINDOWS\system32\sechost.dll
0x00007ffe078c0000 - 0x00007ffe079dc000 	C:\WINDOWS\system32\RPCRT4.dll
0x00007ffe07e20000 - 0x00007ffe07f76000 	C:\WINDOWS\system32\USER32.dll
0x00007ffe07a20000 - 0x00007ffe07ba6000 	C:\WINDOWS\system32\GDI32.dll
0x00007ffdf7d60000 - 0x00007ffdf7fd4000 	C:\WINDOWS\WinSxS\amd64_microsoft.windows.common-controls_6595b64144ccf1df_6.0.10586.672_none_a2d6b3cea53ff843\COMCTL32.dll
0x00007ffe05a90000 - 0x00007ffe05d0d000 	C:\WINDOWS\system32\combase.dll
0x00007ffe04ae0000 - 0x00007ffe04b4a000 	C:\WINDOWS\system32\bcryptPrimitives.dll
0x00007ffe079e0000 - 0x00007ffe07a1b000 	C:\WINDOWS\system32\IMM32.DLL
0x0000000070360000 - 0x0000000070432000 	C:\Program Files\Android\Android Studio\jre\jre\bin\msvcr100.dll
0x0000000070520000 - 0x0000000070d54000 	C:\Program Files\Android\Android Studio\jre\jre\bin\server\jvm.dll
0x00007ffe05710000 - 0x00007ffe05718000 	C:\WINDOWS\system32\PSAPI.DLL
0x00007ffdfe780000 - 0x00007ffdfe789000 	C:\WINDOWS\SYSTEM32\WSOCK32.dll
0x00007ffe05940000 - 0x00007ffe059ab000 	C:\WINDOWS\system32\WS2_32.dll
0x00007ffe02c70000 - 0x00007ffe02c93000 	C:\WINDOWS\SYSTEM32\WINMM.dll
0x00007ffdfb5a0000 - 0x00007ffdfb5aa000 	C:\WINDOWS\SYSTEM32\VERSION.dll
0x00007ffe02c40000 - 0x00007ffe02c6c000 	C:\WINDOWS\SYSTEM32\WINMMBASE.dll
0x00007ffe053b0000 - 0x00007ffe053f3000 	C:\WINDOWS\system32\cfgmgr32.dll
0x00007ffdfdae0000 - 0x00007ffdfdaef000 	C:\Program Files\Android\Android Studio\jre\jre\bin\verify.dll
0x00007ffdfb6c0000 - 0x00007ffdfb6e9000 	C:\Program Files\Android\Android Studio\jre\jre\bin\java.dll
0x00007ffdfd990000 - 0x00007ffdfd9a6000 	C:\Program Files\Android\Android Studio\jre\jre\bin\zip.dll
0x00007ffe06340000 - 0x00007ffe0789c000 	C:\WINDOWS\system32\SHELL32.dll
0x00007ffe04d60000 - 0x00007ffe053a5000 	C:\WINDOWS\system32\windows.storage.dll
0x00007ffe07bb0000 - 0x00007ffe07c02000 	C:\WINDOWS\system32\shlwapi.dll
0x00007ffe04680000 - 0x00007ffe0468f000 	C:\WINDOWS\system32\kernel.appcore.dll
0x00007ffe04710000 - 0x00007ffe047c5000 	C:\WINDOWS\system32\shcore.dll
0x00007ffe046c0000 - 0x00007ffe0470b000 	C:\WINDOWS\system32\powrprof.dll
0x00007ffe046a0000 - 0x00007ffe046b4000 	C:\WINDOWS\system32\profapi.dll

VM Arguments:
jvm_args: -Djava.awt.headless=true -Xmx1024M -Dfile.encoding=windows-1252 -Duser.country=US -Duser.language=en -Duser.variant 
java_command: com.android.dx.command.Main --dex --output G:\AndroidStudioProject\Android_HealthTracking\app\build\intermediates\pre-dexed\debug\com.android.support-recyclerview-v7-23.4.0_df7e00670e2bb53bfa080e0bcc6c278e473632a0.jar G:\AndroidStudioProject\Android_HealthTracking\app\build\intermediates\exploded-aar\com.android.support\recyclerview-v7\23.4.0\jars\classes.jar
java_class_path (initial): G:\AndroidStudio_sdk\sdk\build-tools\build-tools-22.0.1\lib\dx.jar
Launcher Type: SUN_STANDARD

Environment Variables:
PATH=C:\ProgramData\Oracle\Java\javapath;C:\WINDOWS\system32;C:\WINDOWS;C:\WINDOWS\System32\Wbem;C:\WINDOWS\System32\WindowsPowerShell\v1.0\;H:\xampp\php;C:\Program Files (x86)\Skype\Phone\;C:\Program Files\TortoiseSVN\bin;C:\Program Files\Git\cmd;C:\ProgramData\ComposerSetup\bin;C:\HashiCorp\Vagrant\bin;C:\WINDOWS\system32\config\systemprofile\.dnx\bin;C:\Program Files\Microsoft DNX\Dnvm\;C:\Program Files\Microsoft SQL Server\130\Tools\Binn\;C:\Users\REFACTOR\AppData\Roaming\Composer\vendor\bin
USERNAME=REFACTOR
OS=Windows_NT
PROCESSOR_IDENTIFIER=Intel64 Family 6 Model 42 Stepping 7, GenuineIntel



---------------  S Y S T E M  ---------------

OS: Windows 10.0 , 64 bit Build 10586 (10.0.10586.589)

CPU:total 4 (2 cores per cpu, 2 threads per core) family 6 model 42 stepping 7, cmov, cx8, fxsr, mmx, sse, sse2, sse3, ssse3, sse4.1, sse4.2, popcnt, avx, clmul, ht, tsc, tscinvbit

Memory: 4k page, physical 6224244k(321412k free), swap 8905144k(3116k free)

vm_info: OpenJDK 64-Bit Server VM (25.76-b03) for windows-amd64 JRE (1.8.0_76-release-b03), built on Jun 29 2016 19:09:20 by "ralucas" with MS VC++ 10.0 (VS2010)

time: Thu Jan 19 10:27:53 2017
elapsed time: 6 seconds (0d 0h 0m 6s)

